<?xml version="1.0" encoding="UTF-8"?>
<!-- Generated by org.testng.reporters.JUnitReportReporter -->
<testsuite skipped="0" hostname="038-HVRPLQ2" name="testScriptDefinitions.TestSet1.TC102byRows" tests="1" failures="0" timestamp="10 Dec 2018 15:05:49 GMT" time="57.178" errors="0">
  <testcase name="TC101_CreateNewContact" time="57.178" classname="testScriptDefinitions.TestSet1.TC102byRows"/>
</testsuite> <!-- testScriptDefinitions.TestSet1.TC102byRows -->
