<?xml version="1.0" encoding="UTF-8"?>
<!-- Generated by org.testng.reporters.JUnitReportReporter -->
<testsuite skipped="0" hostname="038-HVRPLQ2" name="testScriptDefinitions.TestSet1.TC101CreateNewContact" tests="1" failures="0" timestamp="27 Nov 2018 21:56:40 GMT" time="179.720" errors="0">
  <testcase name="TC101_CreateNewContact" time="179.720" classname="testScriptDefinitions.TestSet1.TC101CreateNewContact"/>
</testsuite> <!-- testScriptDefinitions.TestSet1.TC101CreateNewContact -->
